Sequence used:070000043040009610800634900094052000358460020000800530080070091902100005007040802

Preview
.------.------.------.
|. 7 . |. . . |. 4 3 |
|. 4 . |. . 9 |6 1 . |
|8 . . |6 3 4 |9 . . |
:------ ------ ------:
|. 9 4 |. 5 2 |. . . |
|3 5 8 |4 6 . |. 2 . |
|. . . |8 . . |5 3 . |
:------ ------ ------:
|. 8 . |. 7 . |. 9 1 |
|9 . 2 |1 . . |. . 5 |
|. . 7 |. 4 . |8 . 2 |
.------.------.------.

Marking
.--------------------------.--------------------------.--------------------------.
|1256     7        1569    |25       128      158     |2        4        3       |
|25       4        35      |257      28       9       |6        1        78      |
|8        12       15      |6        3        4       |9        57       7       |
:--------------------------:--------------------------:--------------------------:
|167      9        4       |37       5        2       |17       678      678     |
|3        5        8       |4        6        17      |17       2        79      |
|1267     126      16      |8        19       17      |5        3        4679    |
:--------------------------:--------------------------:--------------------------:
|456      8        356     |235      7        356     |34       9        1       |
|9        36       2       |1        8        368     |347      67       5       |
|156      136      7       |359      4        356     |8        6        2       |
.--------------------------.--------------------------.--------------------------.

Solution
.------.------.------.
|6 7 9 |5 1 8 |2 4 3 |
|5 4 3 |7 2 9 |6 1 8 |
|8 2 1 |6 3 4 |9 5 7 |
:------ ------ ------:
|7 9 4 |3 5 2 |1 8 6 |
|3 5 8 |4 6 1 |7 2 9 |
|2 1 6 |8 9 7 |5 3 4 |
:------ ------ ------:
|4 8 5 |2 7 6 |3 9 1 |
|9 6 2 |1 8 3 |4 7 5 |
|1 3 7 |9 4 5 |8 6 2 |
.------.------.------.
-------------------------------------------------------------------

Sequence used:301086504046521070500000001400800002080347900009050038004090200008734090007208103

Preview
.------.------.------.
|3 . 1 |. 8 6 |5 . 4 |
|. 4 6 |5 2 1 |. 7 . |
|5 . . |. . . |. . 1 |
:------ ------ ------:
|4 . . |8 . . |. . 2 |
|. 8 . |3 4 7 |9 . . |
|. . 9 |. 5 . |. 3 8 |
:------ ------ ------:
|. . 4 |. 9 . |2 . . |
|. . 8 |7 3 4 |. 9 . |
|. . 7 |2 . 8 |1 . 3 |
.------.------.------.

Marking
.--------------------------.--------------------------.--------------------------.
|3        279      1       |9        8        6       |5        2        4       |
|89       4        6       |5        2        1       |38       7        9       |
|5        279      2       |49       7        39      |368      268      1       |
:--------------------------:--------------------------:--------------------------:
|4        13567    35      |8        16       9       |67       156      2       |
|126      8        25      |3        4        7       |9        156      56      |
|1267     1267     9       |16       5        2       |467      3        8       |
:--------------------------:--------------------------:--------------------------:
|16       1356     4       |16       9        5       |2        568      567     |
|126      1256     8       |7        3        4       |6        9        56      |
|69       569      7       |2        6        8       |1        456      3       |
.--------------------------.--------------------------.--------------------------.

Solution
.------.------.------.
|3 7 1 |9 8 6 |5 2 4 |
|8 4 6 |5 2 1 |3 7 9 |
|5 9 2 |4 7 3 |8 6 1 |
:------ ------ ------:
|4 6 3 |8 1 9 |7 5 2 |
|2 8 5 |3 4 7 |9 1 6 |
|7 1 9 |6 5 2 |4 3 8 |
:------ ------ ------:
|6 3 4 |1 9 5 |2 8 7 |
|1 2 8 |7 3 4 |6 9 5 |
|9 5 7 |2 6 8 |1 4 3 |
.------.------.------.
-------------------------------------------------------------------

Sequence used:048301560360008090910670003020000935509010200670020010004002107090100008150834029

Preview
.------.------.------.
|. 4 8 |3 . 1 |5 6 . |
|3 6 . |. . 8 |. 9 . |
|9 1 . |6 7 . |. . 3 |
:------ ------ ------:
|. 2 . |. . . |9 3 5 |
|5 . 9 |. 1 . |2 . . |
|6 7 . |. 2 . |. 1 . |
:------ ------ ------:
|. . 4 |. . 2 |1 . 7 |
|. 9 . |1 . . |. . 8 |
|1 5 . |8 3 4 |. 2 9 |
.------.------.------.

Marking
.--------------------------.--------------------------.--------------------------.
|27       4        8       |3        9        1       |5        6        2       |
|3        6        257     |245      45       8       |47       9        124     |
|9        1        25      |6        7        5       |48       48       3       |
:--------------------------:--------------------------:--------------------------:
|48       2        1       |47       468      67      |9        3        5       |
|5        38       9       |47       1        367     |2        478      46      |
|6        7        3       |459      2        359     |48       1        4       |
:--------------------------:--------------------------:--------------------------:
|8        38       4       |59       569      2       |1        5        7       |
|27       9        2367    |1        56       567     |346      45       8       |
|1        5        67      |8        3        4       |6        2        9       |
.--------------------------.--------------------------.--------------------------.

Solution
.------.------.------.
|7 4 8 |3 9 1 |5 6 2 |
|3 6 5 |2 4 8 |7 9 1 |
|9 1 2 |6 7 5 |4 8 3 |
:------ ------ ------:
|4 2 1 |7 8 6 |9 3 5 |
|5 8 9 |4 1 3 |2 7 6 |
|6 7 3 |5 2 9 |8 1 4 |
:------ ------ ------:
|8 3 4 |9 6 2 |1 5 7 |
|2 9 6 |1 5 7 |3 4 8 |
|1 5 7 |8 3 4 |6 2 9 |
.------.------.------.
-------------------------------------------------------------------

Sequence used:008317000004205109000040070327160904901450000045700800030001060872604000416070080

Preview
.------.------.------.
|. . 8 |3 1 7 |. . . |
|. . 4 |2 . 5 |1 . 9 |
|. . . |. 4 . |. 7 . |
:------ ------ ------:
|3 2 7 |1 6 . |9 . 4 |
|9 . 1 |4 5 . |. . . |
|. 4 5 |7 . . |8 . . |
:------ ------ ------:
|. 3 . |. . 1 |. 6 . |
|8 7 2 |6 . 4 |. . . |
|4 1 6 |. 7 . |. 8 . |
.------.------.------.

Marking
.--------------------------.--------------------------.--------------------------.
|256      569      8       |3        1        7       |2456     245      256     |
|67       6        4       |2        8        5       |1        3        9       |
|1256     569      39      |89       4        689     |2356     7        23568   |
:--------------------------:--------------------------:--------------------------:
|3        2        7       |1        6        8       |9        5        4       |
|9        68       1       |4        5        238     |2367     23       2367    |
|6        4        5       |7        239      239     |8        123      1236    |
:--------------------------:--------------------------:--------------------------:
|5        3        9       |589      289      1       |2457     6        257     |
|8        7        2       |6        39       4       |35       1359     135     |
|4        1        6       |59       7        239     |235      8        235     |
.--------------------------.--------------------------.--------------------------.

Solution
.------.------.------.
|2 9 8 |3 1 7 |6 4 5 |
|7 6 4 |2 8 5 |1 3 9 |
|1 5 3 |9 4 6 |2 7 8 |
:------ ------ ------:
|3 2 7 |1 6 8 |9 5 4 |
|9 8 1 |4 5 3 |7 2 6 |
|6 4 5 |7 9 2 |8 1 3 |
:------ ------ ------:
|5 3 9 |8 2 1 |4 6 7 |
|8 7 2 |6 3 4 |5 9 1 |
|4 1 6 |5 7 9 |3 8 2 |
.------.------.------.
-------------------------------------------------------------------

Sequence used:040890630000136820800740519000467052450020700267010000520003400010280970004050063

Preview
.------.------.------.
|. 4 . |8 9 . |6 3 . |
|. . . |1 3 6 |8 2 . |
|8 . . |7 4 . |5 1 9 |
:------ ------ ------:
|. . . |4 6 7 |. 5 2 |
|4 5 . |. 2 . |7 . . |
|2 6 7 |. 1 . |. . . |
:------ ------ ------:
|5 2 . |. . 3 |4 . . |
|. 1 . |2 8 . |9 7 . |
|. . 4 |. 5 . |. 6 3 |
.------.------.------.

Marking
.--------------------------.--------------------------.--------------------------.
|17       4        125     |8        9        25      |6        3        7       |
|79       79       59      |1        3        6       |8        2        47      |
|8        3        236     |7        4        2       |5        1        9       |
:--------------------------:--------------------------:--------------------------:
|139      389      1389    |4        6        7       |13       5        2       |
|4        5        1389    |39       2        89      |7        89       168     |
|2        6        7       |359      1        589     |3        489      48      |
:--------------------------:--------------------------:--------------------------:
|5        2        689     |69       7        3       |4        8        18      |
|36       1        36      |2        8        4       |9        7        5       |
|79       789      4       |9        5        19      |12       6        3       |
.--------------------------.--------------------------.--------------------------.

Solution
.------.------.------.
|1 4 2 |8 9 5 |6 3 7 |
|9 7 5 |1 3 6 |8 2 4 |
|8 3 6 |7 4 2 |5 1 9 |
:------ ------ ------:
|3 9 8 |4 6 7 |1 5 2 |
|4 5 1 |3 2 8 |7 9 6 |
|2 6 7 |5 1 9 |3 4 8 |
:------ ------ ------:
|5 2 9 |6 7 3 |4 8 1 |
|6 1 3 |2 8 4 |9 7 5 |
|7 8 4 |9 5 1 |2 6 3 |
.------.------.------.
-------------------------------------------------------------------

Sequence used:561092730020780090900005046600000427010070003073000819035900670700103080000000050

Preview
.------.------.------.
|5 6 1 |. 9 2 |7 3 . |
|. 2 . |7 8 . |. 9 . |
|9 . . |. . 5 |. 4 6 |
:------ ------ ------:
|6 . . |. . . |4 2 7 |
|. 1 . |. 7 . |. . 3 |
|. 7 3 |. . . |8 1 9 |
:------ ------ ------:
|. 3 5 |9 . . |6 7 . |
|7 . . |1 . 3 |. 8 . |
|. . . |. . . |. 5 . |
.------.------.------.

Marking
.--------------------------.--------------------------.--------------------------.
|5        6        1       |4        9        2       |7        3        8       |
|34       2        4       |7        8        146     |15       9        15      |
|9        8        78      |3        13       5       |12       4        6       |
:--------------------------:--------------------------:--------------------------:
|6        589      89      |358      135      189     |4        2        7       |
|248      1        2489    |24568    7        4689    |5        6        3       |
|24       7        3       |2456     2456     46      |8        1        9       |
:--------------------------:--------------------------:--------------------------:
|1248     3        5       |9        24       48      |6        7        124     |
|7        49       2469    |1        2456     3       |29       8        24      |
|1248     489      24689   |2468     246      4678    |1239     5        124     |
.--------------------------.--------------------------.--------------------------.

Solution
.------.------.------.
|5 6 1 |4 9 2 |7 3 8 |
|3 2 4 |7 8 6 |1 9 5 |
|9 8 7 |3 1 5 |2 4 6 |
:------ ------ ------:
|6 5 9 |8 3 1 |4 2 7 |
|4 1 8 |2 7 9 |5 6 3 |
|2 7 3 |5 6 4 |8 1 9 |
:------ ------ ------:
|1 3 5 |9 2 8 |6 7 4 |
|7 4 6 |1 5 3 |9 8 2 |
|8 9 2 |6 4 7 |3 5 1 |
.------.------.------.
-------------------------------------------------------------------

Sequence used:310450900072986143906010508639178020150090806004003700005731009701829350000645010

Preview
.------.------.------.
|3 1 . |4 5 . |9 . . |
|. 7 2 |9 8 6 |1 4 3 |
|9 . 6 |. 1 . |5 . 8 |
:------ ------ ------:
|6 3 9 |1 7 8 |. 2 . |
|1 5 . |. 9 . |8 . 6 |
|. . 4 |. . 3 |7 . . |
:------ ------ ------:
|. . 5 |7 3 1 |. . 9 |
|7 . 1 |8 2 9 |3 5 . |
|. . . |6 4 5 |. 1 . |
.------.------.------.

Marking
.--------------------------.--------------------------.--------------------------.
|3        1        8       |4        5        27      |9        67       27      |
|5        7        2       |9        8        6       |1        4        3       |
|9        4        6       |23       1        27      |5        7        8       |
:--------------------------:--------------------------:--------------------------:
|6        3        9       |1        7        8       |4        2        45      |
|1        5        7       |2        9        24      |8        3        6       |
|28       28       4       |25       6        3       |7        9        15      |
:--------------------------:--------------------------:--------------------------:
|248      2468     5       |7        3        1       |246      68       9       |
|7        46       1       |8        2        9       |3        5        4       |
|28       289      38      |6        4        5       |2        1        27      |
.--------------------------.--------------------------.--------------------------.

Solution
.------.------.------.
|3 1 8 |4 5 7 |9 6 2 |
|5 7 2 |9 8 6 |1 4 3 |
|9 4 6 |3 1 2 |5 7 8 |
:------ ------ ------:
|6 3 9 |1 7 8 |4 2 5 |
|1 5 7 |2 9 4 |8 3 6 |
|2 8 4 |5 6 3 |7 9 1 |
:------ ------ ------:
|4 2 5 |7 3 1 |6 8 9 |
|7 6 1 |8 2 9 |3 5 4 |
|8 9 3 |6 4 5 |2 1 7 |
.------.------.------.
-------------------------------------------------------------------

Sequence used:800134902041096080005070010008605000406310009023040860500709000010080040000401006

Preview
.------.------.------.
|8 . . |1 3 4 |9 . 2 |
|. 4 1 |. 9 6 |. 8 . |
|. . 5 |. 7 . |. 1 . |
:------ ------ ------:
|. . 8 |6 . 5 |. . . |
|4 . 6 |3 1 . |. . 9 |
|. 2 3 |. 4 . |8 6 . |
:------ ------ ------:
|5 . . |7 . 9 |. . . |
|. 1 . |. 8 . |. 4 . |
|. . . |4 . 1 |. . 6 |
.------.------.------.

Marking
.--------------------------.--------------------------.--------------------------.
|8        67       7       |1        3        4       |9        57       2       |
|237      4        1       |25       9        6       |357      8        357     |
|2369     369      5       |28       7        28      |346      1        34      |
:--------------------------:--------------------------:--------------------------:
|179      79       8       |6        2        5       |12347    237      1347    |
|4        57       6       |3        1        278     |257      257      9       |
|179      2        3       |9        4        7       |8        6        157     |
:--------------------------:--------------------------:--------------------------:
|5        368      24      |7        26       9       |123      23       138     |
|23679    1        279     |25       8        23      |2357     4        357     |
|2379     3789     279     |4        25       1       |2357     23579    6       |
.--------------------------.--------------------------.--------------------------.

Solution
.------.------.------.
|8 6 7 |1 3 4 |9 5 2 |
|2 4 1 |5 9 6 |7 8 3 |
|3 9 5 |8 7 2 |6 1 4 |
:------ ------ ------:
|9 7 8 |6 2 5 |4 3 1 |
|4 5 6 |3 1 8 |2 7 9 |
|1 2 3 |9 4 7 |8 6 5 |
:------ ------ ------:
|5 3 4 |7 6 9 |1 2 8 |
|6 1 9 |2 8 3 |5 4 7 |
|7 8 2 |4 5 1 |3 9 6 |
.------.------.------.
-------------------------------------------------------------------

Sequence used:165293004000001632023060090009175000500900018002030049098000006000000950000429381

Preview
.------.------.------.
|1 6 5 |2 9 3 |. . 4 |
|. . . |. . 1 |6 3 2 |
|. 2 3 |. 6 . |. 9 . |
:------ ------ ------:
|. . 9 |1 7 5 |. . . |
|5 . . |9 . . |. 1 8 |
|. . 2 |. 3 . |. 4 9 |
:------ ------ ------:
|. 9 8 |. . . |. . 6 |
|. . . |. . . |9 5 . |
|. . . |4 2 9 |3 8 1 |
.------.------.------.

Marking
.--------------------------.--------------------------.--------------------------.
|1        6        5       |2        9        3       |78       7        4       |
|4789     478      47      |578      458      1       |6        3        2       |
|478      2        3       |578      6        478     |1578     9        57      |
:--------------------------:--------------------------:--------------------------:
|3468     348      9       |1        7        5       |2        26       3       |
|5        347      467     |9        4        246     |27       1        8       |
|678      178      2       |68       3        68      |57       4        9       |
:--------------------------:--------------------------:--------------------------:
|2347     9        8       |357      15       7       |247      27       6       |
|23467    1347     1467    |3678     18       678     |9        5        7       |
|67       57       67      |4        2        9       |3        8        1       |
.--------------------------.--------------------------.--------------------------.

Solution
.------.------.------.
|1 6 5 |2 9 3 |8 7 4 |
|9 7 4 |8 5 1 |6 3 2 |
|8 2 3 |7 6 4 |1 9 5 |
:------ ------ ------:
|4 8 9 |1 7 5 |2 6 3 |
|5 3 6 |9 4 2 |7 1 8 |
|7 1 2 |6 3 8 |5 4 9 |
:------ ------ ------:
|3 9 8 |5 1 7 |4 2 6 |
|2 4 1 |3 8 6 |9 5 7 |
|6 5 7 |4 2 9 |3 8 1 |
.------.------.------.
-------------------------------------------------------------------

Sequence used:000003610000015007000008090086000700030800100500120309005060904060900530403701008

Preview
.------.------.------.
|. . . |. . 3 |6 1 . |
|. . . |. 1 5 |. . 7 |
|. . . |. . 8 |. 9 . |
:------ ------ ------:
|. 8 6 |. . . |7 . . |
|. 3 . |8 . . |1 . . |
|5 . . |1 2 . |3 . 9 |
:------ ------ ------:
|. . 5 |. 6 . |9 . 4 |
|. 6 . |9 . . |5 3 . |
|4 . 3 |7 . 1 |. . 8 |
.------.------.------.

Marking
.--------------------------.--------------------------.--------------------------.
|2789     24579    24789   |24       479      3       |6        1        25      |
|23689    249      2489    |246      1        5       |248      248      7       |
|12367    12457    1247    |246      47       8       |24       9        235     |
:--------------------------:--------------------------:--------------------------:
|129      8        6       |345      3459     49      |7        245      25      |
|279      3        2479    |8        4579     4679    |1        2456     256     |
|5        47       47      |1        2        467     |3        468      9       |
:--------------------------:--------------------------:--------------------------:
|1278     127      5       |23       6        2       |9        27       4       |
|1278     6        1278    |9        48       24      |5        3        12      |
|4        29       3       |7        5        1       |2        26       8       |
.--------------------------.--------------------------.--------------------------.

Solution
.------.------.------.
|7 2 8 |4 9 3 |6 1 5 |
|3 4 9 |6 1 5 |8 2 7 |
|6 5 1 |2 7 8 |4 9 3 |
:------ ------ ------:
|1 8 6 |5 3 9 |7 4 2 |
|9 3 2 |8 4 7 |1 5 6 |
|5 7 4 |1 2 6 |3 8 9 |
:------ ------ ------:
|8 1 5 |3 6 2 |9 7 4 |
|2 6 7 |9 8 4 |5 3 1 |
|4 9 3 |7 5 1 |2 6 8 |
.------.------.------.
-------------------------------------------------------------------

Sequence used:405001068073628500009003070240790030006102005950000021507064213080217050612300007

Preview
.------.------.------.
|4 . 5 |. . 1 |. 6 8 |
|. 7 3 |6 2 8 |5 . . |
|. . 9 |. . 3 |. 7 . |
:------ ------ ------:
|2 4 . |7 9 . |. 3 . |
|. . 6 |1 . 2 |. . 5 |
|9 5 . |. . . |. 2 1 |
:------ ------ ------:
|5 . 7 |. 6 4 |2 1 3 |
|. 8 . |2 1 7 |. 5 . |
|6 1 2 |3 . . |. . 7 |
.------.------.------.

Marking
.--------------------------.--------------------------.--------------------------.
|4        2        5       |9        7        1       |39       6        8       |
|1        7        3       |6        2        8       |5        49       49      |
|18       26       9       |45       45       3       |14       7        24      |
:--------------------------:--------------------------:--------------------------:
|2        4        18      |7        9        56      |68       3        6       |
|378      3        6       |1        348      2       |4789     489      5       |
|9        5        8       |48       348      6       |4678     2        1       |
:--------------------------:--------------------------:--------------------------:
|5        9        7       |89       6        4       |2        1        3       |
|3        8        4       |2        1        7       |469      5        469     |
|6        1        2       |3        58       59      |489      489      7       |
.--------------------------.--------------------------.--------------------------.

Solution
.------.------.------.
|4 2 5 |9 7 1 |3 6 8 |
|1 7 3 |6 2 8 |5 9 4 |
|8 6 9 |5 4 3 |1 7 2 |
:------ ------ ------:
|2 4 1 |7 9 5 |8 3 6 |
|7 3 6 |1 8 2 |9 4 5 |
|9 5 8 |4 3 6 |7 2 1 |
:------ ------ ------:
|5 9 7 |8 6 4 |2 1 3 |
|3 8 4 |2 1 7 |6 5 9 |
|6 1 2 |3 5 9 |4 8 7 |
.------.------.------.
-------------------------------------------------------------------

Sequence used:960405100020060504001703006100004000490130050002007601209006038070218905600079000

Preview
.------.------.------.
|9 6 . |4 . 5 |1 . . |
|. 2 . |. 6 . |5 . 4 |
|. . 1 |7 . 3 |. . 6 |
:------ ------ ------:
|1 . . |. . 4 |. . . |
|4 9 . |1 3 . |. 5 . |
|. . 2 |. . 7 |6 . 1 |
:------ ------ ------:
|2 . 9 |. . 6 |. 3 8 |
|. 7 . |2 1 8 |9 . 5 |
|6 . . |. 7 9 |. . . |
.------.------.------.

Marking
.--------------------------.--------------------------.--------------------------.
|9        6        378     |4        28       5       |1        278      237     |
|378      2        378     |89       6        1       |5        789      4       |
|58       458      1       |7        289      3       |28       289      6       |
:--------------------------:--------------------------:--------------------------:
|1        358      35678   |5689     2589     4       |2378     2789     2379    |
|4        9        678     |1        3        2       |278      5        27      |
|358      358      2       |589      589      7       |6        489      1       |
:--------------------------:--------------------------:--------------------------:
|2        145      9       |5        45       6       |47       3        8       |
|3        7        34      |2        1        8       |9        46       5       |
|6        13458    3458    |35       7        9       |24       124      2       |
.--------------------------.--------------------------.--------------------------.

Solution
.------.------.------.
|9 6 8 |4 2 5 |1 7 3 |
|7 2 3 |8 6 1 |5 9 4 |
|5 4 1 |7 9 3 |2 8 6 |
:------ ------ ------:
|1 5 7 |6 8 4 |3 2 9 |
|4 9 6 |1 3 2 |8 5 7 |
|8 3 2 |9 5 7 |6 4 1 |
:------ ------ ------:
|2 1 9 |5 4 6 |7 3 8 |
|3 7 4 |2 1 8 |9 6 5 |
|6 8 5 |3 7 9 |4 1 2 |
.------.------.------.
-------------------------------------------------------------------

Sequence used:904520070001890240002643000070960380000108700600000010090080000000750030000312569

Preview
.------.------.------.
|9 . 4 |5 2 . |. 7 . |
|. . 1 |8 9 . |2 4 . |
|. . 2 |6 4 3 |. . . |
:------ ------ ------:
|. 7 . |9 6 . |3 8 . |
|. . . |1 . 8 |7 . . |
|6 . . |. . . |. 1 . |
:------ ------ ------:
|. 9 . |. 8 . |. . . |
|. . . |7 5 . |. 3 . |
|. . . |3 1 2 |5 6 9 |
.------.------.------.

Marking
.--------------------------.--------------------------.--------------------------.
|9        368      4       |5        2        1       |168      7        1368    |
|357      356      1       |8        9        7       |2        4        356     |
|578      58       2       |6        4        3       |189      59       158     |
:--------------------------:--------------------------:--------------------------:
|1245     7        5       |9        6        45      |3        8        245     |
|2345     2345     359     |1        3        8       |7        259      2456    |
|6        23458    3589    |24       37       457     |49       1        245     |
:--------------------------:--------------------------:--------------------------:
|123457   9        3567    |4        8        46      |14       2        1247    |
|1248     12468    68      |7        5        469     |148      3        1248    |
|478      48       78      |3        1        2       |5        6        9       |
.--------------------------.--------------------------.--------------------------.

Solution
.------.------.------.
|9 8 4 |5 2 1 |6 7 3 |
|3 6 1 |8 9 7 |2 4 5 |
|7 5 2 |6 4 3 |8 9 1 |
:------ ------ ------:
|1 7 5 |9 6 4 |3 8 2 |
|4 2 9 |1 3 8 |7 5 6 |
|6 3 8 |2 7 5 |9 1 4 |
:------ ------ ------:
|5 9 3 |4 8 6 |1 2 7 |
|2 1 6 |7 5 9 |4 3 8 |
|8 4 7 |3 1 2 |5 6 9 |
.------.------.------.
-------------------------------------------------------------------

Sequence used:001408006093520741000010520602080300007060000005039060064052109020000654500607083

Preview
.------.------.------.
|. . 1 |4 . 8 |. . 6 |
|. 9 3 |5 2 . |7 4 1 |
|. . . |. 1 . |5 2 . |
:------ ------ ------:
|6 . 2 |. 8 . |3 . . |
|. . 7 |. 6 . |. . . |
|. . 5 |. 3 9 |. 6 . |
:------ ------ ------:
|. 6 4 |. 5 2 |1 . 9 |
|. 2 . |. . . |6 5 4 |
|5 . . |6 . 7 |. 8 3 |
.------.------.------.

Marking
.--------------------------.--------------------------.--------------------------.
|27       57       1       |4        79       8       |9        39       6       |
|8        9        3       |5        2        6       |7        4        1       |
|478      478      68      |379      1        36      |5        2        8       |
:--------------------------:--------------------------:--------------------------:
|6        14       2       |17       8        145     |3        179      57      |
|13489    1348     7       |12       6        145     |2489     19       258     |
|148      148      5       |127      3        9       |248      6        278     |
:--------------------------:--------------------------:--------------------------:
|378      6        4       |38       5        2       |1        7        9       |
|13789    2        89      |1389     9        13      |6        5        4       |
|5        1        9       |6        49       7       |2        8        3       |
.--------------------------.--------------------------.--------------------------.

Solution
.------.------.------.
|2 5 1 |4 7 8 |9 3 6 |
|8 9 3 |5 2 6 |7 4 1 |
|4 7 6 |9 1 3 |5 2 8 |
:------ ------ ------:
|6 4 2 |1 8 5 |3 9 7 |
|9 3 7 |2 6 4 |8 1 5 |
|1 8 5 |7 3 9 |4 6 2 |
:------ ------ ------:
|3 6 4 |8 5 2 |1 7 9 |
|7 2 8 |3 9 1 |6 5 4 |
|5 1 9 |6 4 7 |2 8 3 |
.------.------.------.
-------------------------------------------------------------------

Sequence used:007300054245080900003040070070960000000020760000801002008294016609108020000007003

Preview
.------.------.------.
|. . 7 |3 . . |. 5 4 |
|2 4 5 |. 8 . |9 . . |
|. . 3 |. 4 . |. 7 . |
:------ ------ ------:
|. 7 . |9 6 . |. . . |
|. . . |. 2 . |7 6 . |
|. . . |8 . 1 |. . 2 |
:------ ------ ------:
|. . 8 |2 9 4 |. 1 6 |
|6 . 9 |1 . 8 |. 2 . |
|. . . |. . 7 |. . 3 |
.------.------.------.

Marking
.--------------------------.--------------------------.--------------------------.
|189      1689     7       |3        1        269     |1268     5        4       |
|2        4        5       |67       8        6       |9        3        1       |
|189      1689     3       |56       4        2569    |1268     7        18      |
:--------------------------:--------------------------:--------------------------:
|13458    7        124     |9        6        35      |13458    348      158     |
|134589   13589    14      |45       2        35      |7        6        1589    |
|3459     3569     46      |8        357      1       |345      349      2       |
:--------------------------:--------------------------:--------------------------:
|357      35       8       |2        9        4       |5        1        6       |
|6        35       9       |1        35       8       |45       2        57      |
|145      125      124     |56       5        7       |458      489      3       |
.--------------------------.--------------------------.--------------------------.

Solution
.------.------.------.
|8 6 7 |3 1 9 |2 5 4 |
|2 4 5 |7 8 6 |9 3 1 |
|9 1 3 |5 4 2 |6 7 8 |
:------ ------ ------:
|4 7 2 |9 6 3 |1 8 5 |
|3 8 1 |4 2 5 |7 6 9 |
|5 9 6 |8 7 1 |3 4 2 |
:------ ------ ------:
|7 3 8 |2 9 4 |5 1 6 |
|6 5 9 |1 3 8 |4 2 7 |
|1 2 4 |6 5 7 |8 9 3 |
.------.------.------.
-------------------------------------------------------------------

Sequence used:005346170000000050000800009502930741070000003000700020090050632207600400600420007

Preview
.------.------.------.
|. . 5 |3 4 6 |1 7 . |
|. . . |. . . |. 5 . |
|. . . |8 . . |. . 9 |
:------ ------ ------:
|5 . 2 |9 3 . |7 4 1 |
|. 7 . |. . . |. . 3 |
|. . . |7 . . |. 2 . |
:------ ------ ------:
|. 9 . |. 5 . |6 3 2 |
|2 . 7 |6 . . |4 . . |
|6 . . |4 2 . |. . 7 |
.------.------.------.

Marking
.--------------------------.--------------------------.--------------------------.
|89       28       5       |3        4        6       |1        7        8       |
|134789   123468   134689  |12       179      1279    |238      5        468     |
|1347     12346    1346    |8        17       1257    |23       6        9       |
:--------------------------:--------------------------:--------------------------:
|5        68       2       |9        3        8       |7        4        1       |
|1489     7        14689   |125      168      12458   |589      689      3       |
|13489    13468    134689  |7        168      1458    |589      2        568     |
:--------------------------:--------------------------:--------------------------:
|148      9        148     |1        5        178     |6        3        2       |
|2        1358     7       |6        189      1389    |4        189      58      |
|6        1358     138     |4        2        1389    |589      189      7       |
.--------------------------.--------------------------.--------------------------.

Solution
.------.------.------.
|9 2 5 |3 4 6 |1 7 8 |
|7 8 6 |2 9 1 |3 5 4 |
|3 4 1 |8 7 5 |2 6 9 |
:------ ------ ------:
|5 6 2 |9 3 8 |7 4 1 |
|1 7 4 |5 6 2 |9 8 3 |
|8 3 9 |7 1 4 |5 2 6 |
:------ ------ ------:
|4 9 8 |1 5 7 |6 3 2 |
|2 1 7 |6 8 3 |4 9 5 |
|6 5 3 |4 2 9 |8 1 7 |
.------.------.------.
-------------------------------------------------------------------

Sequence used:320090400705021800001060372218037009500480700000005000670000280000873900804000107

Preview
.------.------.------.
|3 2 . |. 9 . |4 . . |
|7 . 5 |. 2 1 |8 . . |
|. . 1 |. 6 . |3 7 2 |
:------ ------ ------:
|2 1 8 |. 3 7 |. . 9 |
|5 . . |4 8 . |7 . . |
|. . . |. . 5 |. . . |
:------ ------ ------:
|6 7 . |. . . |2 8 . |
|. . . |8 7 3 |9 . . |
|8 . 4 |. . . |1 . 7 |
.------.------.------.

Marking
.--------------------------.--------------------------.--------------------------.
|3        2        6       |57       9        8       |4        156      156     |
|7        469      5       |3        2        1       |8        69       6       |
|49       489      1       |5        6        48      |3        7        2       |
:--------------------------:--------------------------:--------------------------:
|2        1        8       |6        3        7       |56       456      9       |
|5        369      369     |4        8        269     |7        1236     136     |
|49       3469     3679    |1269     1        5       |6        12346    13468   |
:--------------------------:--------------------------:--------------------------:
|6        7        39      |159      145      49      |2        8        345     |
|1        5        2       |8        7        3       |9        456      456     |
|8        359      4       |2569     5        269     |1        356      7       |
.--------------------------.--------------------------.--------------------------.

Solution
.------.------.------.
|3 2 6 |7 9 8 |4 5 1 |
|7 4 5 |3 2 1 |8 9 6 |
|9 8 1 |5 6 4 |3 7 2 |
:------ ------ ------:
|2 1 8 |6 3 7 |5 4 9 |
|5 6 9 |4 8 2 |7 1 3 |
|4 3 7 |9 1 5 |6 2 8 |
:------ ------ ------:
|6 7 3 |1 4 9 |2 8 5 |
|1 5 2 |8 7 3 |9 6 4 |
|8 9 4 |2 5 6 |1 3 7 |
.------.------.------.
-------------------------------------------------------------------

Sequence used:000030007480960501063570820009610203350097006000005094000000005804706910001040070

Preview
.------.------.------.
|. . . |. 3 . |. . 7 |
|4 8 . |9 6 . |5 . 1 |
|. 6 3 |5 7 . |8 2 . |
:------ ------ ------:
|. . 9 |6 1 . |2 . 3 |
|3 5 . |. 9 7 |. . 6 |
|. . . |. . 5 |. 9 4 |
:------ ------ ------:
|. . . |. . . |. . 5 |
|8 . 4 |7 . 6 |9 1 . |
|. . 1 |. 4 . |. 7 . |
.------.------.------.

Marking
.--------------------------.--------------------------.--------------------------.
|1259     129      25      |1248     3        1248    |46       46       7       |
|4        8        27      |9        6        2       |5        3        1       |
|19       6        3       |5        7        14      |8        2        9       |
:--------------------------:--------------------------:--------------------------:
|7        47       9       |6        1        48      |2        58       3       |
|3        5        28      |248      9        7       |1        8        6       |
|1267     127      2678    |238      28       5       |17       9        4       |
:--------------------------:--------------------------:--------------------------:
|2679     2379     267     |1238     28       12389   |346      3468     5       |
|8        23       4       |7        25       6       |9        1        2       |
|2569     239      1       |238      4        2389    |36       7        28      |
.--------------------------.--------------------------.--------------------------.

Solution
.------.------.------.
|9 2 5 |8 3 1 |4 6 7 |
|4 8 7 |9 6 2 |5 3 1 |
|1 6 3 |5 7 4 |8 2 9 |
:------ ------ ------:
|7 4 9 |6 1 8 |2 5 3 |
|3 5 2 |4 9 7 |1 8 6 |
|6 1 8 |3 2 5 |7 9 4 |
:------ ------ ------:
|2 7 6 |1 8 9 |3 4 5 |
|8 3 4 |7 5 6 |9 1 2 |
|5 9 1 |2 4 3 |6 7 8 |
.------.------.------.
-------------------------------------------------------------------

Sequence used:087002010204017003006800705508001000640008100002050670439180007020900030700023091

Preview
.------.------.------.
|. 8 7 |. . 2 |. 1 . |
|2 . 4 |. 1 7 |. . 3 |
|. . 6 |8 . . |7 . 5 |
:------ ------ ------:
|5 . 8 |. . 1 |. . . |
|6 4 . |. . 8 |1 . . |
|. . 2 |. 5 . |6 7 . |
:------ ------ ------:
|4 3 9 |1 8 . |. . 7 |
|. 2 . |9 . . |. 3 . |
|7 . . |. 2 3 |. 9 1 |
.------.------.------.

Marking
.--------------------------.--------------------------.--------------------------.
|39       8        7       |3456     3469     2       |49       1        469     |
|2        59       4       |56       1        7       |89       68       3       |
|139      19       6       |8        349      49      |7        24       5       |
:--------------------------:--------------------------:--------------------------:
|5        79       8       |23467    34679    1       |2349     24       249     |
|6        4        3       |237      379      8       |1        25       29      |
|139      19       2       |34       5        49      |6        7        489     |
:--------------------------:--------------------------:--------------------------:
|4        3        9       |1        8        56      |25       256      7       |
|18       2        15      |9        467      456     |458      3        468     |
|7        56       5       |456      2        3       |458      9        1       |
.--------------------------.--------------------------.--------------------------.

Solution
.------.------.------.
|9 8 7 |5 3 2 |4 1 6 |
|2 5 4 |6 1 7 |9 8 3 |
|3 1 6 |8 4 9 |7 2 5 |
:------ ------ ------:
|5 7 8 |2 6 1 |3 4 9 |
|6 4 3 |7 9 8 |1 5 2 |
|1 9 2 |3 5 4 |6 7 8 |
:------ ------ ------:
|4 3 9 |1 8 5 |2 6 7 |
|8 2 1 |9 7 6 |5 3 4 |
|7 6 5 |4 2 3 |8 9 1 |
.------.------.------.
-------------------------------------------------------------------

Sequence used:040000008760020349000470500900000030000036702308947000000004010200700603690001000

Preview
.------.------.------.
|. 4 . |. . . |. . 8 |
|7 6 . |. 2 . |3 4 9 |
|. . . |4 7 . |5 . . |
:------ ------ ------:
|9 . . |. . . |. 3 . |
|. . . |. 3 6 |7 . 2 |
|3 . 8 |9 4 7 |. . . |
:------ ------ ------:
|. . . |. . 4 |. 1 . |
|2 . . |7 . . |6 . 3 |
|6 9 . |. . 1 |. . . |
.------.------.------.

Marking
.--------------------------.--------------------------.--------------------------.
|15       4        12359   |1356     1569     359     |12       267      8       |
|7        6        15      |158      2        58      |3        4        9       |
|18       1238     1239    |4        7        389     |5        26       16      |
:--------------------------:--------------------------:--------------------------:
|9        1257     124567  |1258     158      258     |148      3        1456    |
|145      15       145     |158      3        6       |7        589      2       |
|3        125      8       |9        4        7       |1        56       156     |
:--------------------------:--------------------------:--------------------------:
|58       3578     357     |23568    5689     4       |289      1        57      |
|2        158      145     |7        589      589     |6        589      3       |
|6        9        3457    |2358     58       1       |248      2578     457     |
.--------------------------.--------------------------.--------------------------.

Solution
.------.------.------.
|1 4 9 |6 5 3 |2 7 8 |
|7 6 5 |1 2 8 |3 4 9 |
|8 3 2 |4 7 9 |5 6 1 |
:------ ------ ------:
|9 7 6 |5 1 2 |8 3 4 |
|4 5 1 |8 3 6 |7 9 2 |
|3 2 8 |9 4 7 |1 5 6 |
:------ ------ ------:
|5 8 3 |2 6 4 |9 1 7 |
|2 1 4 |7 9 5 |6 8 3 |
|6 9 7 |3 8 1 |4 2 5 |
.------.------.------.
-------------------------------------------------------------------

