		Solve Sudoku Using Ortools SoftWare
########################################################################################################################
1.
Sudoku Sequence:070000043040009610800634900094052000358460020000800530080070091902100005007040802
Preview
.------.------.------.
|. 7 . |. . . |. 4 3 |
|. 4 . |. . 9 |6 1 . |
|8 . . |6 3 4 |9 . . |
:------ ------ ------:
|. 9 4 |. 5 2 |. . . |
|3 5 8 |4 6 . |. 2 . |
|. . . |8 . . |5 3 . |
:------ ------ ------:
|. 8 . |. 7 . |. 9 1 |
|9 . 2 |1 . . |. . 5 |
|. . 7 |. 4 . |8 . 2 |
.------.------.------.

Solutions
.------.------.------.
|6 7 9 |5 1 8 |2 4 3 |
|5 4 3 |7 2 9 |6 1 8 |
|8 2 1 |6 3 4 |9 5 7 |
:------ ------ ------:
|7 9 4 |3 5 2 |1 8 6 |
|3 5 8 |4 6 1 |7 2 9 |
|2 1 6 |8 9 7 |5 3 4 |
:------ ------ ------:
|4 8 5 |2 7 6 |3 9 1 |
|9 6 2 |1 8 3 |4 7 5 |
|1 3 7 |9 4 5 |8 6 2 |
.------.------.------.

Status:OPTIMAL
Number of Solutions:1
----------------------------------------

2.
Sudoku Sequence:301086504046521070500000001400800002080347900009050038004090200008734090007208103
Preview
.------.------.------.
|3 . 1 |. 8 6 |5 . 4 |
|. 4 6 |5 2 1 |. 7 . |
|5 . . |. . . |. . 1 |
:------ ------ ------:
|4 . . |8 . . |. . 2 |
|. 8 . |3 4 7 |9 . . |
|. . 9 |. 5 . |. 3 8 |
:------ ------ ------:
|. . 4 |. 9 . |2 . . |
|. . 8 |7 3 4 |. 9 . |
|. . 7 |2 . 8 |1 . 3 |
.------.------.------.

Solutions
.------.------.------.
|3 7 1 |9 8 6 |5 2 4 |
|8 4 6 |5 2 1 |3 7 9 |
|5 9 2 |4 7 3 |8 6 1 |
:------ ------ ------:
|4 6 3 |8 1 9 |7 5 2 |
|2 8 5 |3 4 7 |9 1 6 |
|7 1 9 |6 5 2 |4 3 8 |
:------ ------ ------:
|6 3 4 |1 9 5 |2 8 7 |
|1 2 8 |7 3 4 |6 9 5 |
|9 5 7 |2 6 8 |1 4 3 |
.------.------.------.

Status:OPTIMAL
Number of Solutions:1
----------------------------------------

3.
Sudoku Sequence:048301560360008090910670003020000935509010200670020010004002107090100008150834029
Preview
.------.------.------.
|. 4 8 |3 . 1 |5 6 . |
|3 6 . |. . 8 |. 9 . |
|9 1 . |6 7 . |. . 3 |
:------ ------ ------:
|. 2 . |. . . |9 3 5 |
|5 . 9 |. 1 . |2 . . |
|6 7 . |. 2 . |. 1 . |
:------ ------ ------:
|. . 4 |. . 2 |1 . 7 |
|. 9 . |1 . . |. . 8 |
|1 5 . |8 3 4 |. 2 9 |
.------.------.------.

Solutions
.------.------.------.
|7 4 8 |3 9 1 |5 6 2 |
|3 6 5 |2 4 8 |7 9 1 |
|9 1 2 |6 7 5 |4 8 3 |
:------ ------ ------:
|4 2 1 |7 8 6 |9 3 5 |
|5 8 9 |4 1 3 |2 7 6 |
|6 7 3 |5 2 9 |8 1 4 |
:------ ------ ------:
|8 3 4 |9 6 2 |1 5 7 |
|2 9 6 |1 5 7 |3 4 8 |
|1 5 7 |8 3 4 |6 2 9 |
.------.------.------.

Status:OPTIMAL
Number of Solutions:1
----------------------------------------

4.
Sudoku Sequence:008317000004205109000040070327160904901450000045700800030001060872604000416070080
Preview
.------.------.------.
|. . 8 |3 1 7 |. . . |
|. . 4 |2 . 5 |1 . 9 |
|. . . |. 4 . |. 7 . |
:------ ------ ------:
|3 2 7 |1 6 . |9 . 4 |
|9 . 1 |4 5 . |. . . |
|. 4 5 |7 . . |8 . . |
:------ ------ ------:
|. 3 . |. . 1 |. 6 . |
|8 7 2 |6 . 4 |. . . |
|4 1 6 |. 7 . |. 8 . |
.------.------.------.

Solutions
.------.------.------.
|2 9 8 |3 1 7 |6 4 5 |
|7 6 4 |2 8 5 |1 3 9 |
|1 5 3 |9 4 6 |2 7 8 |
:------ ------ ------:
|3 2 7 |1 6 8 |9 5 4 |
|9 8 1 |4 5 3 |7 2 6 |
|6 4 5 |7 9 2 |8 1 3 |
:------ ------ ------:
|5 3 9 |8 2 1 |4 6 7 |
|8 7 2 |6 3 4 |5 9 1 |
|4 1 6 |5 7 9 |3 8 2 |
.------.------.------.

Status:OPTIMAL
Number of Solutions:1
----------------------------------------

5.
Sudoku Sequence:040890630000136820800740519000467052450020700267010000520003400010280970004050063
Preview
.------.------.------.
|. 4 . |8 9 . |6 3 . |
|. . . |1 3 6 |8 2 . |
|8 . . |7 4 . |5 1 9 |
:------ ------ ------:
|. . . |4 6 7 |. 5 2 |
|4 5 . |. 2 . |7 . . |
|2 6 7 |. 1 . |. . . |
:------ ------ ------:
|5 2 . |. . 3 |4 . . |
|. 1 . |2 8 . |9 7 . |
|. . 4 |. 5 . |. 6 3 |
.------.------.------.

Solutions
.------.------.------.
|1 4 2 |8 9 5 |6 3 7 |
|9 7 5 |1 3 6 |8 2 4 |
|8 3 6 |7 4 2 |5 1 9 |
:------ ------ ------:
|3 9 8 |4 6 7 |1 5 2 |
|4 5 1 |3 2 8 |7 9 6 |
|2 6 7 |5 1 9 |3 4 8 |
:------ ------ ------:
|5 2 9 |6 7 3 |4 8 1 |
|6 1 3 |2 8 4 |9 7 5 |
|7 8 4 |9 5 1 |2 6 3 |
.------.------.------.

Status:OPTIMAL
Number of Solutions:1
----------------------------------------

6.
Sudoku Sequence:561092730020780090900005046600000427010070003073000819035900670700103080000000050
Preview
.------.------.------.
|5 6 1 |. 9 2 |7 3 . |
|. 2 . |7 8 . |. 9 . |
|9 . . |. . 5 |. 4 6 |
:------ ------ ------:
|6 . . |. . . |4 2 7 |
|. 1 . |. 7 . |. . 3 |
|. 7 3 |. . . |8 1 9 |
:------ ------ ------:
|. 3 5 |9 . . |6 7 . |
|7 . . |1 . 3 |. 8 . |
|. . . |. . . |. 5 . |
.------.------.------.

Solutions
.------.------.------.
|5 6 1 |4 9 2 |7 3 8 |
|3 2 4 |7 8 6 |1 9 5 |
|9 8 7 |3 1 5 |2 4 6 |
:------ ------ ------:
|6 5 9 |8 3 1 |4 2 7 |
|4 1 8 |2 7 9 |5 6 3 |
|2 7 3 |5 6 4 |8 1 9 |
:------ ------ ------:
|1 3 5 |9 2 8 |6 7 4 |
|7 4 6 |1 5 3 |9 8 2 |
|8 9 2 |6 4 7 |3 5 1 |
.------.------.------.

Status:OPTIMAL
Number of Solutions:1
----------------------------------------

7.
Sudoku Sequence:310450900072986143906010508639178020150090806004003700005731009701829350000645010
Preview
.------.------.------.
|3 1 . |4 5 . |9 . . |
|. 7 2 |9 8 6 |1 4 3 |
|9 . 6 |. 1 . |5 . 8 |
:------ ------ ------:
|6 3 9 |1 7 8 |. 2 . |
|1 5 . |. 9 . |8 . 6 |
|. . 4 |. . 3 |7 . . |
:------ ------ ------:
|. . 5 |7 3 1 |. . 9 |
|7 . 1 |8 2 9 |3 5 . |
|. . . |6 4 5 |. 1 . |
.------.------.------.

Solutions
.------.------.------.
|3 1 8 |4 5 7 |9 6 2 |
|5 7 2 |9 8 6 |1 4 3 |
|9 4 6 |3 1 2 |5 7 8 |
:------ ------ ------:
|6 3 9 |1 7 8 |4 2 5 |
|1 5 7 |2 9 4 |8 3 6 |
|2 8 4 |5 6 3 |7 9 1 |
:------ ------ ------:
|4 2 5 |7 3 1 |6 8 9 |
|7 6 1 |8 2 9 |3 5 4 |
|8 9 3 |6 4 5 |2 1 7 |
.------.------.------.

Status:OPTIMAL
Number of Solutions:1
----------------------------------------

8.
Sudoku Sequence:800134902041096080005070010008605000406310009023040860500709000010080040000401006
Preview
.------.------.------.
|8 . . |1 3 4 |9 . 2 |
|. 4 1 |. 9 6 |. 8 . |
|. . 5 |. 7 . |. 1 . |
:------ ------ ------:
|. . 8 |6 . 5 |. . . |
|4 . 6 |3 1 . |. . 9 |
|. 2 3 |. 4 . |8 6 . |
:------ ------ ------:
|5 . . |7 . 9 |. . . |
|. 1 . |. 8 . |. 4 . |
|. . . |4 . 1 |. . 6 |
.------.------.------.

Solutions
.------.------.------.
|8 6 7 |1 3 4 |9 5 2 |
|2 4 1 |5 9 6 |7 8 3 |
|3 9 5 |8 7 2 |6 1 4 |
:------ ------ ------:
|9 7 8 |6 2 5 |4 3 1 |
|4 5 6 |3 1 8 |2 7 9 |
|1 2 3 |9 4 7 |8 6 5 |
:------ ------ ------:
|5 3 4 |7 6 9 |1 2 8 |
|6 1 9 |2 8 3 |5 4 7 |
|7 8 2 |4 5 1 |3 9 6 |
.------.------.------.

Status:OPTIMAL
Number of Solutions:1
----------------------------------------

9.
Sudoku Sequence:165293004000001632023060090009175000500900018002030049098000006000000950000429381
Preview
.------.------.------.
|1 6 5 |2 9 3 |. . 4 |
|. . . |. . 1 |6 3 2 |
|. 2 3 |. 6 . |. 9 . |
:------ ------ ------:
|. . 9 |1 7 5 |. . . |
|5 . . |9 . . |. 1 8 |
|. . 2 |. 3 . |. 4 9 |
:------ ------ ------:
|. 9 8 |. . . |. . 6 |
|. . . |. . . |9 5 . |
|. . . |4 2 9 |3 8 1 |
.------.------.------.

Solutions
.------.------.------.
|1 6 5 |2 9 3 |8 7 4 |
|9 7 4 |8 5 1 |6 3 2 |
|8 2 3 |7 6 4 |1 9 5 |
:------ ------ ------:
|4 8 9 |1 7 5 |2 6 3 |
|5 3 6 |9 4 2 |7 1 8 |
|7 1 2 |6 3 8 |5 4 9 |
:------ ------ ------:
|3 9 8 |5 1 7 |4 2 6 |
|2 4 1 |3 8 6 |9 5 7 |
|6 5 7 |4 2 9 |3 8 1 |
.------.------.------.

Status:OPTIMAL
Number of Solutions:1
----------------------------------------

10.
Sudoku Sequence:000003610000015007000008090086000700030800100500120309005060904060900530403701008
Preview
.------.------.------.
|. . . |. . 3 |6 1 . |
|. . . |. 1 5 |. . 7 |
|. . . |. . 8 |. 9 . |
:------ ------ ------:
|. 8 6 |. . . |7 . . |
|. 3 . |8 . . |1 . . |
|5 . . |1 2 . |3 . 9 |
:------ ------ ------:
|. . 5 |. 6 . |9 . 4 |
|. 6 . |9 . . |5 3 . |
|4 . 3 |7 . 1 |. . 8 |
.------.------.------.

Solutions
.------.------.------.
|7 2 8 |4 9 3 |6 1 5 |
|3 4 9 |6 1 5 |8 2 7 |
|6 5 1 |2 7 8 |4 9 3 |
:------ ------ ------:
|1 8 6 |5 3 9 |7 4 2 |
|9 3 2 |8 4 7 |1 5 6 |
|5 7 4 |1 2 6 |3 8 9 |
:------ ------ ------:
|8 1 5 |3 6 2 |9 7 4 |
|2 6 7 |9 8 4 |5 3 1 |
|4 9 3 |7 5 1 |2 6 8 |
.------.------.------.

Status:OPTIMAL
Number of Solutions:1
----------------------------------------

11.
Sudoku Sequence:405001068073628500009003070240790030006102005950000021507064213080217050612300007
Preview
.------.------.------.
|4 . 5 |. . 1 |. 6 8 |
|. 7 3 |6 2 8 |5 . . |
|. . 9 |. . 3 |. 7 . |
:------ ------ ------:
|2 4 . |7 9 . |. 3 . |
|. . 6 |1 . 2 |. . 5 |
|9 5 . |. . . |. 2 1 |
:------ ------ ------:
|5 . 7 |. 6 4 |2 1 3 |
|. 8 . |2 1 7 |. 5 . |
|6 1 2 |3 . . |. . 7 |
.------.------.------.

Solutions
.------.------.------.
|4 2 5 |9 7 1 |3 6 8 |
|1 7 3 |6 2 8 |5 9 4 |
|8 6 9 |5 4 3 |1 7 2 |
:------ ------ ------:
|2 4 1 |7 9 5 |8 3 6 |
|7 3 6 |1 8 2 |9 4 5 |
|9 5 8 |4 3 6 |7 2 1 |
:------ ------ ------:
|5 9 7 |8 6 4 |2 1 3 |
|3 8 4 |2 1 7 |6 5 9 |
|6 1 2 |3 5 9 |4 8 7 |
.------.------.------.

Status:OPTIMAL
Number of Solutions:1
----------------------------------------

12.
Sudoku Sequence:960405100020060504001703006100004000490130050002007601209006038070218905600079000
Preview
.------.------.------.
|9 6 . |4 . 5 |1 . . |
|. 2 . |. 6 . |5 . 4 |
|. . 1 |7 . 3 |. . 6 |
:------ ------ ------:
|1 . . |. . 4 |. . . |
|4 9 . |1 3 . |. 5 . |
|. . 2 |. . 7 |6 . 1 |
:------ ------ ------:
|2 . 9 |. . 6 |. 3 8 |
|. 7 . |2 1 8 |9 . 5 |
|6 . . |. 7 9 |. . . |
.------.------.------.

Solutions
.------.------.------.
|9 6 8 |4 2 5 |1 7 3 |
|7 2 3 |8 6 1 |5 9 4 |
|5 4 1 |7 9 3 |2 8 6 |
:------ ------ ------:
|1 5 7 |6 8 4 |3 2 9 |
|4 9 6 |1 3 2 |8 5 7 |
|8 3 2 |9 5 7 |6 4 1 |
:------ ------ ------:
|2 1 9 |5 4 6 |7 3 8 |
|3 7 4 |2 1 8 |9 6 5 |
|6 8 5 |3 7 9 |4 1 2 |
.------.------.------.

Status:OPTIMAL
Number of Solutions:1
----------------------------------------

13.
Sudoku Sequence:904520070001890240002643000070960380000108700600000010090080000000750030000312569
Preview
.------.------.------.
|9 . 4 |5 2 . |. 7 . |
|. . 1 |8 9 . |2 4 . |
|. . 2 |6 4 3 |. . . |
:------ ------ ------:
|. 7 . |9 6 . |3 8 . |
|. . . |1 . 8 |7 . . |
|6 . . |. . . |. 1 . |
:------ ------ ------:
|. 9 . |. 8 . |. . . |
|. . . |7 5 . |. 3 . |
|. . . |3 1 2 |5 6 9 |
.------.------.------.

Solutions
.------.------.------.
|9 8 4 |5 2 1 |6 7 3 |
|3 6 1 |8 9 7 |2 4 5 |
|7 5 2 |6 4 3 |8 9 1 |
:------ ------ ------:
|1 7 5 |9 6 4 |3 8 2 |
|4 2 9 |1 3 8 |7 5 6 |
|6 3 8 |2 7 5 |9 1 4 |
:------ ------ ------:
|5 9 3 |4 8 6 |1 2 7 |
|2 1 6 |7 5 9 |4 3 8 |
|8 4 7 |3 1 2 |5 6 9 |
.------.------.------.

Status:OPTIMAL
Number of Solutions:1
----------------------------------------

14.
Sudoku Sequence:001408006093520741000010520602080300007060000005039060064052109020000654500607083
Preview
.------.------.------.
|. . 1 |4 . 8 |. . 6 |
|. 9 3 |5 2 . |7 4 1 |
|. . . |. 1 . |5 2 . |
:------ ------ ------:
|6 . 2 |. 8 . |3 . . |
|. . 7 |. 6 . |. . . |
|. . 5 |. 3 9 |. 6 . |
:------ ------ ------:
|. 6 4 |. 5 2 |1 . 9 |
|. 2 . |. . . |6 5 4 |
|5 . . |6 . 7 |. 8 3 |
.------.------.------.

Solutions
.------.------.------.
|2 5 1 |4 7 8 |9 3 6 |
|8 9 3 |5 2 6 |7 4 1 |
|4 7 6 |9 1 3 |5 2 8 |
:------ ------ ------:
|6 4 2 |1 8 5 |3 9 7 |
|9 3 7 |2 6 4 |8 1 5 |
|1 8 5 |7 3 9 |4 6 2 |
:------ ------ ------:
|3 6 4 |8 5 2 |1 7 9 |
|7 2 8 |3 9 1 |6 5 4 |
|5 1 9 |6 4 7 |2 8 3 |
.------.------.------.

Status:OPTIMAL
Number of Solutions:1
----------------------------------------

15.
Sudoku Sequence:007300054245080900003040070070960000000020760000801002008294016609108020000007003
Preview
.------.------.------.
|. . 7 |3 . . |. 5 4 |
|2 4 5 |. 8 . |9 . . |
|. . 3 |. 4 . |. 7 . |
:------ ------ ------:
|. 7 . |9 6 . |. . . |
|. . . |. 2 . |7 6 . |
|. . . |8 . 1 |. . 2 |
:------ ------ ------:
|. . 8 |2 9 4 |. 1 6 |
|6 . 9 |1 . 8 |. 2 . |
|. . . |. . 7 |. . 3 |
.------.------.------.

Solutions
.------.------.------.
|8 6 7 |3 1 9 |2 5 4 |
|2 4 5 |7 8 6 |9 3 1 |
|9 1 3 |5 4 2 |6 7 8 |
:------ ------ ------:
|4 7 2 |9 6 3 |1 8 5 |
|3 8 1 |4 2 5 |7 6 9 |
|5 9 6 |8 7 1 |3 4 2 |
:------ ------ ------:
|7 3 8 |2 9 4 |5 1 6 |
|6 5 9 |1 3 8 |4 2 7 |
|1 2 4 |6 5 7 |8 9 3 |
.------.------.------.

Status:OPTIMAL
Number of Solutions:1
----------------------------------------

16.
Sudoku Sequence:005346170000000050000800009502930741070000003000700020090050632207600400600420007
Preview
.------.------.------.
|. . 5 |3 4 6 |1 7 . |
|. . . |. . . |. 5 . |
|. . . |8 . . |. . 9 |
:------ ------ ------:
|5 . 2 |9 3 . |7 4 1 |
|. 7 . |. . . |. . 3 |
|. . . |7 . . |. 2 . |
:------ ------ ------:
|. 9 . |. 5 . |6 3 2 |
|2 . 7 |6 . . |4 . . |
|6 . . |4 2 . |. . 7 |
.------.------.------.

Solutions
.------.------.------.
|9 2 5 |3 4 6 |1 7 8 |
|7 8 6 |2 9 1 |3 5 4 |
|3 4 1 |8 7 5 |2 6 9 |
:------ ------ ------:
|5 6 2 |9 3 8 |7 4 1 |
|1 7 4 |5 6 2 |9 8 3 |
|8 3 9 |7 1 4 |5 2 6 |
:------ ------ ------:
|4 9 8 |1 5 7 |6 3 2 |
|2 1 7 |6 8 3 |4 9 5 |
|6 5 3 |4 2 9 |8 1 7 |
.------.------.------.

Status:OPTIMAL
Number of Solutions:1
----------------------------------------

17.
Sudoku Sequence:320090400705021800001060372218037009500480700000005000670000280000873900804000107
Preview
.------.------.------.
|3 2 . |. 9 . |4 . . |
|7 . 5 |. 2 1 |8 . . |
|. . 1 |. 6 . |3 7 2 |
:------ ------ ------:
|2 1 8 |. 3 7 |. . 9 |
|5 . . |4 8 . |7 . . |
|. . . |. . 5 |. . . |
:------ ------ ------:
|6 7 . |. . . |2 8 . |
|. . . |8 7 3 |9 . . |
|8 . 4 |. . . |1 . 7 |
.------.------.------.

Solutions
.------.------.------.
|3 2 6 |7 9 8 |4 5 1 |
|7 4 5 |3 2 1 |8 9 6 |
|9 8 1 |5 6 4 |3 7 2 |
:------ ------ ------:
|2 1 8 |6 3 7 |5 4 9 |
|5 6 9 |4 8 2 |7 1 3 |
|4 3 7 |9 1 5 |6 2 8 |
:------ ------ ------:
|6 7 3 |1 4 9 |2 8 5 |
|1 5 2 |8 7 3 |9 6 4 |
|8 9 4 |2 5 6 |1 3 7 |
.------.------.------.

Status:OPTIMAL
Number of Solutions:1
----------------------------------------

18.
Sudoku Sequence:000030007480960501063570820009610203350097006000005094000000005804706910001040070
Preview
.------.------.------.
|. . . |. 3 . |. . 7 |
|4 8 . |9 6 . |5 . 1 |
|. 6 3 |5 7 . |8 2 . |
:------ ------ ------:
|. . 9 |6 1 . |2 . 3 |
|3 5 . |. 9 7 |. . 6 |
|. . . |. . 5 |. 9 4 |
:------ ------ ------:
|. . . |. . . |. . 5 |
|8 . 4 |7 . 6 |9 1 . |
|. . 1 |. 4 . |. 7 . |
.------.------.------.

Solutions
.------.------.------.
|9 2 5 |8 3 1 |4 6 7 |
|4 8 7 |9 6 2 |5 3 1 |
|1 6 3 |5 7 4 |8 2 9 |
:------ ------ ------:
|7 4 9 |6 1 8 |2 5 3 |
|3 5 2 |4 9 7 |1 8 6 |
|6 1 8 |3 2 5 |7 9 4 |
:------ ------ ------:
|2 7 6 |1 8 9 |3 4 5 |
|8 3 4 |7 5 6 |9 1 2 |
|5 9 1 |2 4 3 |6 7 8 |
.------.------.------.

Status:OPTIMAL
Number of Solutions:1
----------------------------------------

19.
Sudoku Sequence:087002010204017003006800705508001000640008100002050670439180007020900030700023091
Preview
.------.------.------.
|. 8 7 |. . 2 |. 1 . |
|2 . 4 |. 1 7 |. . 3 |
|. . 6 |8 . . |7 . 5 |
:------ ------ ------:
|5 . 8 |. . 1 |. . . |
|6 4 . |. . 8 |1 . . |
|. . 2 |. 5 . |6 7 . |
:------ ------ ------:
|4 3 9 |1 8 . |. . 7 |
|. 2 . |9 . . |. 3 . |
|7 . . |. 2 3 |. 9 1 |
.------.------.------.

Solutions
.------.------.------.
|9 8 7 |5 3 2 |4 1 6 |
|2 5 4 |6 1 7 |9 8 3 |
|3 1 6 |8 4 9 |7 2 5 |
:------ ------ ------:
|5 7 8 |2 6 1 |3 4 9 |
|6 4 3 |7 9 8 |1 5 2 |
|1 9 2 |3 5 4 |6 7 8 |
:------ ------ ------:
|4 3 9 |1 8 5 |2 6 7 |
|8 2 1 |9 7 6 |5 3 4 |
|7 6 5 |4 2 3 |8 9 1 |
.------.------.------.

Status:OPTIMAL
Number of Solutions:1
----------------------------------------

20.
Sudoku Sequence:040000008760020349000470500900000030000036702308947000000004010200700603690001000
Preview
.------.------.------.
|. 4 . |. . . |. . 8 |
|7 6 . |. 2 . |3 4 9 |
|. . . |4 7 . |5 . . |
:------ ------ ------:
|9 . . |. . . |. 3 . |
|. . . |. 3 6 |7 . 2 |
|3 . 8 |9 4 7 |. . . |
:------ ------ ------:
|. . . |. . 4 |. 1 . |
|2 . . |7 . . |6 . 3 |
|6 9 . |. . 1 |. . . |
.------.------.------.

Solutions
.------.------.------.
|1 4 9 |6 5 3 |2 7 8 |
|7 6 5 |1 2 8 |3 4 9 |
|8 3 2 |4 7 9 |5 6 1 |
:------ ------ ------:
|9 7 6 |5 1 2 |8 3 4 |
|4 5 1 |8 3 6 |7 9 2 |
|3 2 8 |9 4 7 |1 5 6 |
:------ ------ ------:
|5 8 3 |2 6 4 |9 1 7 |
|2 1 4 |7 9 5 |6 8 3 |
|6 9 7 |3 8 1 |4 2 5 |
.------.------.------.

Status:OPTIMAL
Number of Solutions:1
----------------------------------------


Data obtained from:https://raw.githubusercontent.com/vasnastos/DITUOI_AGP_SUDOKU/main/RESOURCES/sudokusequence.input?token=APD2HAJ7RZXJMQ67Q46LNQLAXMFH2
