Input Data
310004069
000000200
008005040
000000005
006000017
807030000
590700006
600003050
000100002

312874569465319278978265143139427685246598317857631924591742836624983751783156492
Output Data
.------.------.------.
|3 1 2 |8 7 4 |5 6 9 |
|4 6 5 |3 1 9 |2 7 8 |
|9 7 8 |2 6 5 |1 4 3 |
:------ ------ ------:
|1 3 9 |4 2 7 |6 8 5 |
|2 4 6 |5 9 8 |3 1 7 |
|8 5 7 |6 3 1 |9 2 4 |
:------ ------ ------:
|5 9 1 |7 4 2 |8 3 6 |
|6 2 4 |9 8 3 |7 5 1 |
|7 8 3 |1 5 6 |4 9 2 |
.------.------.------.
Lapsed Time:0.0044723 's
