2021-05-29 14:06:31,973
INFO
Row:0
Column:0
Values:1256


2021-05-29 14:06:31,974
INFO
Row:0
Column:2
Values:1569


2021-05-29 14:06:31,976
INFO
Row:0
Column:3
Values:25


2021-05-29 14:06:31,978
INFO
Row:0
Column:4
Values:128


2021-05-29 14:06:31,979
INFO
Row:0
Column:5
Values:158


2021-05-29 14:06:31,981
INFO
Row:0
Column:6
Values:2


2021-05-29 14:06:31,982
INFO
Row:1
Column:0
Values:25


2021-05-29 14:06:31,983
INFO
Row:1
Column:2
Values:35


2021-05-29 14:06:31,984
INFO
Row:1
Column:3
Values:257


2021-05-29 14:06:31,985
INFO
Row:1
Column:4
Values:28


2021-05-29 14:06:31,986
INFO
Row:1
Column:8
Values:78


2021-05-29 14:06:31,987
INFO
Row:2
Column:1
Values:12


2021-05-29 14:06:31,988
INFO
Row:2
Column:2
Values:15


2021-05-29 14:06:31,989
INFO
Row:2
Column:7
Values:57


2021-05-29 14:06:31,990
INFO
Row:2
Column:8
Values:7


2021-05-29 14:06:31,991
INFO
Row:3
Column:0
Values:167


2021-05-29 14:06:31,992
INFO
Row:3
Column:3
Values:37


2021-05-29 14:06:31,994
INFO
Row:3
Column:6
Values:17


2021-05-29 14:06:31,998
INFO
Row:3
Column:7
Values:678


2021-05-29 14:06:32,000
INFO
Row:3
Column:8
Values:678


2021-05-29 14:06:32,002
INFO
Row:4
Column:5
Values:17


2021-05-29 14:06:32,003
INFO
Row:4
Column:6
Values:17


2021-05-29 14:06:32,004
INFO
Row:4
Column:8
Values:79


2021-05-29 14:06:32,004
INFO
Row:5
Column:0
Values:1267


2021-05-29 14:06:32,005
INFO
Row:5
Column:1
Values:126


2021-05-29 14:06:32,006
INFO
Row:5
Column:2
Values:16


2021-05-29 14:06:32,007
INFO
Row:5
Column:4
Values:19


2021-05-29 14:06:32,013
INFO
Row:5
Column:5
Values:17


2021-05-29 14:06:32,014
INFO
Row:5
Column:8
Values:4679


2021-05-29 14:06:32,015
INFO
Row:6
Column:0
Values:456


2021-05-29 14:06:32,016
INFO
Row:6
Column:2
Values:356


2021-05-29 14:06:32,017
INFO
Row:6
Column:3
Values:235


2021-05-29 14:06:32,018
INFO
Row:6
Column:5
Values:356


2021-05-29 14:06:32,020
INFO
Row:6
Column:6
Values:34


2021-05-29 14:06:32,021
INFO
Row:7
Column:1
Values:36


2021-05-29 14:06:32,022
INFO
Row:7
Column:4
Values:8


2021-05-29 14:06:32,023
INFO
Row:7
Column:5
Values:368


2021-05-29 14:06:32,025
INFO
Row:7
Column:6
Values:347


2021-05-29 14:06:32,029
INFO
Row:7
Column:7
Values:67


2021-05-29 14:06:32,030
INFO
Row:8
Column:0
Values:156


2021-05-29 14:06:32,031
INFO
Row:8
Column:1
Values:136


2021-05-29 14:06:32,033
INFO
Row:8
Column:3
Values:359


2021-05-29 14:06:32,034
INFO
Row:8
Column:5
Values:356


2021-05-29 14:06:32,035
INFO
Row:8
Column:7
Values:6


