		Sudoku Game solution using OR_TOOLS
############################################################

Data input:310004069000000200008005040000000005006000017807030000590700006600003050000100002

Input Analyse as rows
*********************************************
        ROWS
0  310004069
1  000000200
2  008005040
3  000000005
4  006000017
5  807030000
6  590700006
7  600003050
8  000100002


Sudoku Preview
.------.------.------.
|3 1 . |. . 4 |. 6 9 |
|. . . |. . . |2 . . |
|. . 8 |. . 5 |. 4 . |
:------ ------ ------:
|. . . |. . . |. . 5 |
|. . 6 |. . . |. 1 7 |
|8 . 7 |. 3 . |. . . |
:------ ------ ------:
|5 9 . |7 . . |. . 6 |
|6 . . |. . 3 |. 5 . |
|. . . |1 . . |. . 2 |
.------.------.------.



Sudoku Marking Preview
.--------------------------.--------------------------.--------------------------.
|3        1        25      |28       278      4       |578      6        9       |
|479      4567     459     |3689     16789    16789   |2        378      138     |
|279      267      8       |2369     12679    5       |137      4        13      |
:--------------------------:--------------------------:--------------------------:
|1249     234      12349   |24689    1246789  126789  |34689    2389     5       |
|249      2345     6       |24589    24589    289     |3489     1        7       |
|8        245      7       |24569    3        1269    |469      29       4       |
:--------------------------:--------------------------:--------------------------:
|5        9        1234    |7        248      28      |1348     38       6       |
|6        2478     124     |2489     2489     3       |14789    5        148     |
|47       3478     34      |1        45689    689     |34789    3789     2       |
.--------------------------.--------------------------.--------------------------.
