.------.------.------.
|3 1 . |. . 4 |. 6 9 |
|. . . |. . . |2 . . |
|. . 8 |. . 5 |. 4 . |
:------ ------ ------:
|. . . |. . . |. . 5 |
|. . 6 |. . . |. 1 7 |
|8 . 7 |. 3 . |. . . |
:------ ------ ------:
|5 9 . |7 . . |. . 6 |
|6 . . |. . 3 |. 5 . |
|. . . |1 . . |. . 2 |
.------.------.------.

310004069000000200008005040000000005006000017807030000590700006600003050000100002

Row:0
Column:2
Number:2
Number:5

Row:0
Column:3
Number:2
Number:8

Row:0
Column:4
Number:2
Number:7
Number:8

Row:0
Column:6
Number:5
Number:7
Number:8

Row:1
Column:0
Number:4
Number:7
Number:9

Row:1
Column:1
Number:4
Number:5
Number:6
Number:7

Row:1
Column:2
Number:4
Number:5
Number:9

Row:1
Column:3
Number:3
Number:6
Number:8
Number:9

Row:1
Column:4
Number:1
Number:6
Number:7
Number:8
Number:9

Row:1
Column:5
Number:1
Number:6
Number:7
Number:8
Number:9

Row:1
Column:7
Number:3
Number:7
Number:8

Row:1
Column:8
Number:1
Number:3
Number:8

Row:2
Column:0
Number:2
Number:7
Number:9

Row:2
Column:1
Number:2
Number:6
Number:7

Row:2
Column:3
Number:2
Number:3
Number:6
Number:9

Row:2
Column:4
Number:1
Number:2
Number:6
Number:7
Number:9

Row:2
Column:6
Number:1
Number:3
Number:7

Row:2
Column:8
Number:1
Number:3

Row:3
Column:0
Number:1
Number:2
Number:4
Number:9

Row:3
Column:1
Number:2
Number:3
Number:4

Row:3
Column:2
Number:1
Number:2
Number:3
Number:4
Number:9

Row:3
Column:3
Number:2
Number:4
Number:6
Number:8
Number:9

Row:3
Column:4
Number:1
Number:2
Number:4
Number:6
Number:7
Number:8
Number:9

Row:3
Column:5
Number:1
Number:2
Number:6
Number:7
Number:8
Number:9

Row:3
Column:6
Number:3
Number:4
Number:6
Number:8
Number:9

Row:3
Column:7
Number:2
Number:3
Number:8
Number:9

Row:4
Column:0
Number:2
Number:4
Number:9

Row:4
Column:1
Number:2
Number:3
Number:4
Number:5

Row:4
Column:3
Number:2
Number:4
Number:5
Number:8
Number:9

Row:4
Column:4
Number:2
Number:4
Number:5
Number:8
Number:9

Row:4
Column:5
Number:2
Number:8
Number:9

Row:4
Column:6
Number:3
Number:4
Number:8
Number:9

Row:5
Column:1
Number:2
Number:4
Number:5

Row:5
Column:3
Number:2
Number:4
Number:5
Number:6
Number:9

Row:5
Column:5
Number:1
Number:2
Number:6
Number:9

Row:5
Column:6
Number:4
Number:6
Number:9

Row:5
Column:7
Number:2
Number:9

Row:5
Column:8
Number:4

Row:6
Column:2
Number:1
Number:2
Number:3
Number:4

Row:6
Column:4
Number:2
Number:4
Number:8

Row:6
Column:5
Number:2
Number:8

Row:6
Column:6
Number:1
Number:3
Number:4
Number:8

Row:6
Column:7
Number:3
Number:8

Row:7
Column:1
Number:2
Number:4
Number:7
Number:8

Row:7
Column:2
Number:1
Number:2
Number:4

Row:7
Column:3
Number:2
Number:4
Number:8
Number:9

Row:7
Column:4
Number:2
Number:4
Number:8
Number:9

Row:7
Column:6
Number:1
Number:4
Number:7
Number:8
Number:9

Row:7
Column:8
Number:1
Number:4
Number:8

Row:8
Column:0
Number:4
Number:7

Row:8
Column:1
Number:3
Number:4
Number:7
Number:8

Row:8
Column:2
Number:3
Number:4

Row:8
Column:4
Number:4
Number:5
Number:6
Number:8
Number:9

Row:8
Column:5
Number:6
Number:8
Number:9

Row:8
Column:6
Number:3
Number:4
Number:7
Number:8
Number:9

Row:8
Column:7
Number:3
Number:7
Number:8
Number:9

